model-1615048635, 1615048635.707, 0.5, 0.25, 0.43,0.2581
model-1615048635, 1615048635.755, 0.56, 0.2476, 0.44,0.2565
model-1615048635, 1615048635.802, 0.53, 0.2494, 0.48,0.2518
model-1615048635, 1615048635.854, 0.56, 0.2484, 0.49,0.2506
model-1615048635, 1615048635.906, 0.55, 0.2476, 0.49,0.25
model-1615048635, 1615048635.955, 0.46, 0.2603, 0.54,0.2468
model-1615048635, 1615048636.003, 0.38, 0.2613, 0.54,0.2465
model-1615048635, 1615048636.054, 0.49, 0.2484, 0.48,0.2465
model-1615048635, 1615048636.1, 0.54, 0.2473, 0.55,0.2469
model-1615048635, 1615048636.151, 0.56, 0.244, 0.54,0.2465
model-1615048635, 1615048636.197, 0.59, 0.2402, 0.59,0.24
model-1615048635, 1615048636.245, 0.56, 0.2444, 0.55,0.2414
model-1615048635, 1615048636.304, 0.59, 0.2417, 0.5,0.253
model-1615048635, 1615048636.355, 0.58, 0.2427, 0.65,0.2296
model-1615048635, 1615048636.408, 0.67, 0.2358, 0.66,0.2333
model-1615048635, 1615048636.462, 0.59, 0.2393, 0.66,0.2246
model-1615048635, 1615048636.513, 0.56, 0.2555, 0.58,0.2386
model-1615048635, 1615048636.563, 0.55, 0.2387, 0.56,0.2439
model-1615048635, 1615048636.616, 0.55, 0.2424, 0.45,0.2513
model-1615048635, 1615048636.663, 0.57, 0.2439, 0.7,0.2235
model-1615048635, 1615048636.712, 0.53, 0.2481, 0.5,0.2512
model-1615048635, 1615048636.763, 0.5, 0.254, 0.43,0.2638
model-1615048635, 1615048636.813, 0.66, 0.2277, 0.46,0.2598
model-1615048635, 1615048636.86, 0.6, 0.2421, 0.6,0.245
model-1615048635, 1615048636.914, 0.55, 0.2457, 0.63,0.2421
model-1615048635, 1615048636.961, 0.53, 0.2451, 0.53,0.2415
model-1615048635, 1615048637.01, 0.55, 0.2477, 0.71,0.2106
model-1615048635, 1615048637.057, 0.55, 0.2498, 0.57,0.2394
model-1615048635, 1615048637.105, 0.56, 0.2343, 0.62,0.2303
model-1615048635, 1615048637.158, 0.56, 0.2524, 0.67,0.2207
model-1615048635, 1615048637.205, 0.67, 0.2148, 0.59,0.2397
model-1615048635, 1615048637.258, 0.61, 0.2417, 0.6,0.2434
model-1615048635, 1615048637.312, 0.61, 0.2298, 0.58,0.243
model-1615048635, 1615048637.363, 0.59, 0.237, 0.6,0.2324
model-1615048635, 1615048637.41, 0.59, 0.2303, 0.59,0.2385
model-1615048635, 1615048637.48, 0.5, 0.2525, 0.57,0.2477
model-1615048635, 1615048637.527, 0.58, 0.2393, 0.57,0.2398
model-1615048635, 1615048637.586, 0.58, 0.2356, 0.5,0.2469
model-1615048635, 1615048637.637, 0.59, 0.2356, 0.54,0.2462
model-1615048635, 1615048637.688, 0.69, 0.2248, 0.7,0.2234
model-1615048635, 1615048637.734, 0.59, 0.234, 0.58,0.2428
model-1615048635, 1615048637.781, 0.47, 0.2616, 0.5,0.2549
model-1615048635, 1615048637.832, 0.52, 0.25, 0.62,0.2265
model-1615048635, 1615048637.878, 0.58, 0.2434, 0.64,0.2165
model-1615048635, 1615048637.929, 0.52, 0.253, 0.73,0.2059
model-1615048635, 1615048637.976, 0.55, 0.2408, 0.6,0.2332
model-1615048635, 1615048638.025, 0.64, 0.2147, 0.67,0.2228
model-1615048635, 1615048638.072, 0.63, 0.2219, 0.66,0.2228
model-1615048635, 1615048638.118, 0.63, 0.2298, 0.65,0.2245
model-1615048635, 1615048638.17, 0.52, 0.248, 0.65,0.2307
model-1615048635, 1615048638.217, 0.66, 0.2244, 0.69,0.2051
model-1615048635, 1615048638.27, 0.65, 0.222, 0.68,0.2284
model-1615048635, 1615048638.317, 0.58, 0.2356, 0.61,0.2276
model-1615048635, 1615048638.368, 0.64, 0.2282, 0.59,0.2275
model-1615048635, 1615048638.419, 0.51, 0.253, 0.61,0.2326
model-1615048635, 1615048638.473, 0.69, 0.2063, 0.61,0.2687
model-1615048635, 1615048638.527, 0.62, 0.2089, 0.69,0.2064
model-1615048635, 1615048638.575, 0.59, 0.2397, 0.63,0.2217
model-1615048635, 1615048638.625, 0.7, 0.2095, 0.65,0.2305
model-1615048635, 1615048638.672, 0.72, 0.2066, 0.66,0.2176
model-1615048635, 1615048638.722, 0.63, 0.2342, 0.63,0.2141
model-1615048635, 1615048638.773, 0.7, 0.2159, 0.65,0.2243
model-1615048635, 1615048638.825, 0.65, 0.2048, 0.74,0.1855
model-1615048635, 1615048638.872, 0.69, 0.2197, 0.71,0.1959
model-1615048635, 1615048638.918, 0.63, 0.2216, 0.61,0.2293
model-1615048635, 1615048638.968, 0.66, 0.2234, 0.62,0.2273
model-1615048635, 1615048639.015, 0.68, 0.2008, 0.61,0.2389
model-1615048635, 1615048639.07, 0.68, 0.2176, 0.62,0.223
model-1615048635, 1615048639.118, 0.63, 0.2038, 0.6,0.2356
model-1615048635, 1615048639.171, 0.63, 0.2185, 0.67,0.2028
model-1615048635, 1615048639.219, 0.68, 0.2039, 0.62,0.2236
model-1615048635, 1615048639.267, 0.68, 0.2029, 0.65,0.2094
model-1615048635, 1615048639.319, 0.65, 0.2241, 0.62,0.2461
model-1615048635, 1615048639.367, 0.66, 0.2104, 0.63,0.2376
model-1615048635, 1615048639.424, 0.63, 0.2379, 0.66,0.2177
model-1615048635, 1615048639.484, 0.58, 0.2522, 0.63,0.2349
model-1615048635, 1615048639.536, 0.6, 0.224, 0.6,0.2281
model-1615048635, 1615048639.588, 0.68, 0.2233, 0.6,0.2246
model-1615048635, 1615048639.635, 0.66, 0.2133, 0.68,0.211
model-1615048635, 1615048639.684, 0.73, 0.2052, 0.61,0.2347
model-1615048635, 1615048639.731, 0.66, 0.2009, 0.66,0.2381
model-1615048635, 1615048639.782, 0.66, 0.2279, 0.78,0.1747
model-1615048635, 1615048639.837, 0.6, 0.2317, 0.58,0.2343
model-1615048635, 1615048639.884, 0.66, 0.2085, 0.62,0.2186
model-1615048635, 1615048639.935, 0.69, 0.185, 0.7,0.1964
model-1615048635, 1615048639.982, 0.76, 0.1787, 0.69,0.1935
model-1615048635, 1615048640.03, 0.67, 0.2234, 0.69,0.21
model-1615048635, 1615048640.08, 0.65, 0.2188, 0.69,0.2039
model-1615048635, 1615048640.13, 0.63, 0.2195, 0.67,0.2132
model-1615048635, 1615048640.177, 0.74, 0.1807, 0.61,0.2223
model-1615048635, 1615048640.223, 0.7, 0.2111, 0.62,0.2366
model-1615048635, 1615048640.274, 0.7, 0.2271, 0.58,0.2572
model-1615048635, 1615048640.322, 0.63, 0.2267, 0.71,0.2015
model-1615048635, 1615048640.377, 0.67, 0.1943, 0.64,0.1993
model-1615048635, 1615048640.431, 0.62, 0.2108, 0.72,0.1934
model-1615048635, 1615048640.484, 0.56, 0.244, 0.64,0.2204
model-1615048635, 1615048640.534, 0.73, 0.1873, 0.65,0.2131
model-1615048635, 1615048640.583, 0.7, 0.2031, 0.63,0.2227
model-1615048635, 1615048640.631, 0.64, 0.231, 0.65,0.2232
model-1615048635, 1615048640.685, 0.68, 0.2006, 0.64,0.2216
model-1615048635, 1615048640.732, 0.64, 0.2334, 0.63,0.2065
model-1615048635, 1615048640.779, 0.66, 0.2109, 0.58,0.2226
model-1615048635, 1615048640.83, 0.58, 0.2364, 0.6,0.2428
model-1615048635, 1615048640.877, 0.69, 0.2015, 0.63,0.2324
model-1615048635, 1615048640.931, 0.66, 0.2109, 0.62,0.2254
model-1615048635, 1615048640.979, 0.72, 0.1919, 0.74,0.1813
model-1615048635, 1615048641.029, 0.71, 0.2046, 0.67,0.1947
model-1615048635, 1615048641.077, 0.73, 0.1936, 0.65,0.2186
model-1615048635, 1615048641.125, 0.68, 0.1993, 0.74,0.1891
model-1615048635, 1615048641.177, 0.78, 0.1853, 0.67,0.2361
model-1615048635, 1615048641.229, 0.7, 0.1984, 0.61,0.2468
model-1615048635, 1615048641.285, 0.56, 0.2856, 0.6,0.2536
model-1615048635, 1615048641.335, 0.67, 0.2262, 0.63,0.2234
model-1615048635, 1615048641.386, 0.73, 0.1973, 0.58,0.2219
model-1615048635, 1615048641.434, 0.79, 0.1891, 0.64,0.2098
model-1615048635, 1615048641.483, 0.56, 0.2399, 0.65,0.2182
model-1615048635, 1615048641.539, 0.73, 0.2031, 0.76,0.1966
model-1615048635, 1615048641.589, 0.67, 0.2126, 0.65,0.2084
model-1615048635, 1615048641.636, 0.67, 0.2198, 0.61,0.2328
model-1615048635, 1615048641.686, 0.6, 0.2327, 0.75,0.1875
model-1615048635, 1615048641.732, 0.68, 0.2059, 0.77,0.1835
model-1615048635, 1615048641.779, 0.73, 0.1761, 0.71,0.1843
model-1615048635, 1615048641.831, 0.77, 0.1775, 0.7,0.1924
model-1615048635, 1615048641.878, 0.71, 0.192, 0.71,0.2017
model-1615048635, 1615048641.928, 0.61, 0.2392, 0.74,0.1679
model-1615048635, 1615048641.975, 0.74, 0.1712, 0.74,0.1831
model-1615048635, 1615048642.029, 0.72, 0.1972, 0.71,0.1982
model-1615048635, 1615048642.077, 0.68, 0.1997, 0.73,0.1789
model-1615048635, 1615048642.125, 0.65, 0.2086, 0.69,0.1938
model-1615048635, 1615048642.177, 0.66, 0.2411, 0.71,0.1914
model-1615048635, 1615048642.224, 0.76, 0.1754, 0.63,0.2244
model-1615048635, 1615048642.275, 0.75, 0.1692, 0.67,0.2013
model-1615048635, 1615048642.322, 0.64, 0.2232, 0.67,0.1969
model-1615048635, 1615048642.373, 0.72, 0.1774, 0.83,0.1595
model-1615048635, 1615048642.424, 0.68, 0.1894, 0.64,0.2051
model-1615048635, 1615048642.473, 0.67, 0.2181, 0.69,0.1832
model-1615048635, 1615048642.53, 0.72, 0.1804, 0.67,0.2006
model-1615048635, 1615048642.577, 0.77, 0.1552, 0.63,0.2399
model-1615048635, 1615048642.627, 0.7, 0.2136, 0.7,0.2115
model-1615048635, 1615048642.678, 0.72, 0.1926, 0.72,0.1873
model-1615048635, 1615048642.729, 0.66, 0.1981, 0.74,0.187
model-1615048635, 1615048642.776, 0.75, 0.1655, 0.78,0.1723
model-1615048635, 1615048642.825, 0.76, 0.1729, 0.78,0.1709
model-1615048635, 1615048642.872, 0.71, 0.1912, 0.68,0.1958
model-1615048635, 1615048642.922, 0.69, 0.1939, 0.63,0.2059
model-1615048635, 1615048642.968, 0.74, 0.1872, 0.7,0.1761
model-1615048635, 1615048643.019, 0.79, 0.166, 0.68,0.2087
model-1615048635, 1615048643.071, 0.65, 0.1992, 0.64,0.2297
model-1615048635, 1615048643.118, 0.8, 0.158, 0.64,0.2183
model-1615048635, 1615048643.169, 0.76, 0.1784, 0.64,0.2124
model-1615048635, 1615048643.219, 0.68, 0.2156, 0.77,0.1712
model-1615048635, 1615048643.272, 0.72, 0.1658, 0.67,0.1918
model-1615048635, 1615048643.321, 0.69, 0.2035, 0.73,0.1802
model-1615048635, 1615048643.368, 0.76, 0.1627, 0.75,0.1802
model-1615048635, 1615048643.414, 0.74, 0.176, 0.66,0.2134
model-1615048635, 1615048643.468, 0.69, 0.1959, 0.66,0.2017
model-1615048635, 1615048643.516, 0.78, 0.1677, 0.74,0.1798
model-1615048635, 1615048643.583, 0.68, 0.2104, 0.74,0.1743
model-1615048635, 1615048643.632, 0.75, 0.1688, 0.75,0.1626
model-1615048635, 1615048643.682, 0.76, 0.1566, 0.7,0.1921
model-1615048635, 1615048643.728, 0.93, 0.1079, 0.65,0.2195
model-1615048635, 1615048643.776, 0.73, 0.1725, 0.69,0.1981
model-1615048635, 1615048643.822, 0.68, 0.1895, 0.77,0.1524
model-1615048635, 1615048643.872, 0.64, 0.2272, 0.8,0.1513
model-1615048635, 1615048643.918, 0.74, 0.1588, 0.68,0.2045
model-1615048635, 1615048643.963, 0.72, 0.1912, 0.74,0.1881
model-1615048635, 1615048644.013, 0.73, 0.2012, 0.79,0.1533
model-1615048635, 1615048644.058, 0.76, 0.1721, 0.69,0.1865
model-1615048635, 1615048644.106, 0.77, 0.1512, 0.69,0.2095
model-1615048635, 1615048644.153, 0.77, 0.1667, 0.79,0.1628
model-1615048635, 1615048644.208, 0.65, 0.2435, 0.78,0.163
model-1615048635, 1615048644.255, 0.74, 0.1806, 0.75,0.1618
model-1615048635, 1615048644.303, 0.65, 0.2122, 0.73,0.1809
model-1615048635, 1615048644.355, 0.76, 0.1788, 0.6,0.2375
model-1615048635, 1615048644.401, 0.74, 0.162, 0.76,0.187
model-1615048635, 1615048644.448, 0.66, 0.2046, 0.72,0.1801
model-1615048635, 1615048644.494, 0.81, 0.1589, 0.71,0.1861
model-1615048635, 1615048644.547, 0.63, 0.2111, 0.66,0.2116
model-1615048635, 1615048644.598, 0.76, 0.158, 0.75,0.1836
model-1615048635, 1615048644.645, 0.71, 0.1804, 0.67,0.2231
model-1615048635, 1615048644.696, 0.73, 0.1736, 0.71,0.1829
model-1615048635, 1615048644.743, 0.76, 0.1634, 0.77,0.1626
model-1615048635, 1615048644.796, 0.79, 0.1656, 0.72,0.1731
model-1615048635, 1615048644.844, 0.72, 0.1899, 0.68,0.2218
model-1615048635, 1615048644.892, 0.83, 0.1435, 0.77,0.1568
model-1615048635, 1615048644.938, 0.73, 0.1725, 0.81,0.15
model-1615048635, 1615048644.984, 0.68, 0.2461, 0.62,0.228
model-1615048635, 1615048645.034, 0.69, 0.179, 0.7,0.1906
model-1615048635, 1615048645.083, 0.74, 0.1557, 0.7,0.1852
model-1615048635, 1615048645.133, 0.8, 0.1549, 0.71,0.1984
model-1615048635, 1615048645.179, 0.65, 0.1941, 0.83,0.1489
model-1615048635, 1615048645.228, 0.67, 0.2209, 0.58,0.2509
model-1615048635, 1615048645.274, 0.67, 0.198, 0.69,0.1868
model-1615048635, 1615048645.319, 0.7, 0.1937, 0.78,0.1787
model-1615048635, 1615048645.375, 0.66, 0.2161, 0.63,0.2349
model-1615048635, 1615048645.429, 0.77, 0.178, 0.7,0.1885
model-1615048635, 1615048645.48, 0.75, 0.1467, 0.7,0.1897
model-1615048635, 1615048645.526, 0.77, 0.1632, 0.76,0.1607
model-1615048635, 1615048645.58, 0.71, 0.1702, 0.73,0.1816
model-1615048635, 1615048645.626, 0.67, 0.2169, 0.79,0.1614
model-1615048635, 1615048645.677, 0.73, 0.1865, 0.72,0.1915
model-1615048635, 1615048645.729, 0.76, 0.1771, 0.75,0.1556
model-1615048635, 1615048645.777, 0.69, 0.1959, 0.72,0.1748
model-1615048635, 1615048645.827, 0.75, 0.1698, 0.82,0.1428
model-1615048635, 1615048645.874, 0.65, 0.2337, 0.73,0.1619
model-1615048635, 1615048645.925, 0.78, 0.1471, 0.76,0.174
model-1615048635, 1615048645.976, 0.78, 0.141, 0.77,0.183
model-1615048635, 1615048646.027, 0.71, 0.1973, 0.71,0.1983
model-1615048635, 1615048646.074, 0.78, 0.1582, 0.73,0.1727
model-1615048635, 1615048646.121, 0.74, 0.1654, 0.69,0.1961
model-1615048635, 1615048646.174, 0.7, 0.1953, 0.74,0.195
model-1615048635, 1615048646.226, 0.69, 0.1865, 0.76,0.1587
model-1615048635, 1615048646.278, 0.8, 0.1216, 0.77,0.1637
model-1615048635, 1615048646.325, 0.7, 0.1862, 0.75,0.1792
model-1615048635, 1615048646.375, 0.8, 0.1631, 0.7,0.1854
model-1615048635, 1615048646.422, 0.7, 0.1904, 0.68,0.2294
model-1615048635, 1615048646.472, 0.76, 0.1636, 0.8,0.1697
model-1615048635, 1615048646.523, 0.79, 0.1488, 0.69,0.1896
model-1615048635, 1615048646.57, 0.78, 0.1684, 0.79,0.1741
model-1615048635, 1615048646.625, 0.72, 0.1813, 0.78,0.1549
model-1615048635, 1615048646.672, 0.72, 0.1849, 0.73,0.1893
model-1615048635, 1615048646.721, 0.84, 0.1447, 0.76,0.1585
model-1615048635, 1615048646.772, 0.73, 0.1729, 0.68,0.181
model-1615048635, 1615048646.822, 0.81, 0.138, 0.72,0.1752
model-1615048635, 1615048646.873, 0.78, 0.1603, 0.73,0.171
model-1615048635, 1615048646.923, 0.68, 0.1881, 0.76,0.1609
model-1615048635, 1615048646.97, 0.75, 0.1491, 0.7,0.195
model-1615048635, 1615048647.021, 0.73, 0.1724, 0.73,0.1741
model-1615048635, 1615048647.072, 0.79, 0.1452, 0.69,0.1957
model-1615048635, 1615048647.119, 0.7, 0.1855, 0.72,0.1785
model-1615048635, 1615048647.17, 0.78, 0.1524, 0.78,0.1658
model-1615048635, 1615048647.217, 0.73, 0.1808, 0.83,0.1399
model-1615048635, 1615048647.267, 0.67, 0.1908, 0.68,0.2271
model-1615048635, 1615048647.322, 0.81, 0.1475, 0.71,0.1783
model-1615048635, 1615048647.375, 0.8, 0.1453, 0.76,0.1588
model-1615048635, 1615048647.424, 0.95, 0.0832, 0.68,0.2032
model-1615048635, 1615048647.475, 0.79, 0.1582, 0.76,0.163
model-1615048635, 1615048647.522, 0.73, 0.1843, 0.72,0.1879
model-1615048635, 1615048647.574, 0.69, 0.2208, 0.68,0.1931
model-1615048635, 1615048647.632, 0.8, 0.1512, 0.7,0.2029
model-1615048635, 1615048647.68, 0.7, 0.1878, 0.8,0.156
model-1615048635, 1615048647.731, 0.72, 0.1894, 0.76,0.1723
model-1615048635, 1615048647.778, 0.77, 0.1702, 0.81,0.1703
model-1615048635, 1615048647.828, 0.78, 0.1385, 0.75,0.1624
model-1615048635, 1615048647.889, 0.79, 0.1565, 0.72,0.1864
model-1615048635, 1615048647.94, 0.74, 0.2125, 0.77,0.1775
model-1615048635, 1615048647.988, 0.79, 0.1524, 0.77,0.1759
model-1615048635, 1615048648.043, 0.73, 0.1681, 0.7,0.2088
model-1615048635, 1615048648.09, 0.77, 0.1594, 0.69,0.1925
model-1615048635, 1615048648.14, 0.77, 0.1413, 0.77,0.1746
model-1615048635, 1615048648.188, 0.78, 0.1649, 0.76,0.1735
model-1615048635, 1615048648.237, 0.79, 0.1324, 0.81,0.153
model-1615048635, 1615048648.287, 0.73, 0.1912, 0.74,0.1944
model-1615048635, 1615048648.339, 0.79, 0.1433, 0.74,0.1796
model-1615048635, 1615048648.392, 0.81, 0.1399, 0.81,0.1454
model-1615048635, 1615048648.438, 0.7, 0.1765, 0.71,0.197
model-1615048635, 1615048648.488, 0.81, 0.1413, 0.71,0.1899
model-1615048635, 1615048648.535, 0.79, 0.1493, 0.72,0.1928
model-1615048635, 1615048648.585, 0.73, 0.1825, 0.79,0.141
model-1615048635, 1615048648.641, 0.87, 0.1224, 0.78,0.1518
model-1615048635, 1615048648.687, 0.73, 0.1709, 0.8,0.152
model-1615048635, 1615048648.737, 0.7, 0.2102, 0.65,0.2164
model-1615048635, 1615048648.783, 0.74, 0.1589, 0.69,0.2186
model-1615048635, 1615048648.832, 0.84, 0.1258, 0.73,0.1801
model-1615048635, 1615048648.878, 0.84, 0.1315, 0.71,0.1959
model-1615048635, 1615048648.927, 0.69, 0.1924, 0.71,0.1756
model-1615048635, 1615048648.979, 0.78, 0.1606, 0.81,0.1412
model-1615048635, 1615048649.03, 0.72, 0.1834, 0.82,0.1613
model-1615048635, 1615048649.082, 0.72, 0.1752, 0.84,0.1306
model-1615048635, 1615048649.129, 0.72, 0.1944, 0.82,0.1318
model-1615048635, 1615048649.18, 0.74, 0.1628, 0.75,0.1719
model-1615048635, 1615048649.228, 0.77, 0.1376, 0.75,0.1525
model-1615048635, 1615048649.283, 0.78, 0.1424, 0.74,0.1674
model-1615048635, 1615048649.331, 0.75, 0.1617, 0.72,0.1768
model-1615048635, 1615048649.378, 0.74, 0.1996, 0.85,0.1303
model-1615048635, 1615048649.429, 0.78, 0.159, 0.74,0.1402
model-1615048635, 1615048649.476, 0.77, 0.1621, 0.8,0.1333
model-1615048635, 1615048649.525, 0.69, 0.1894, 0.78,0.1427
model-1615048635, 1615048649.575, 0.79, 0.164, 0.81,0.1429
model-1615048635, 1615048649.626, 0.66, 0.2082, 0.81,0.1413
model-1615048635, 1615048649.679, 0.82, 0.1306, 0.74,0.1826
model-1615048635, 1615048649.725, 0.84, 0.1246, 0.8,0.1539
model-1615048635, 1615048649.776, 0.8, 0.1504, 0.78,0.1495
model-1615048635, 1615048649.822, 0.82, 0.1366, 0.75,0.1751
model-1615048635, 1615048649.876, 0.74, 0.1568, 0.8,0.144
model-1615048635, 1615048649.924, 0.75, 0.1775, 0.74,0.1687
model-1615048635, 1615048649.973, 0.74, 0.1898, 0.81,0.1207
model-1615048635, 1615048650.02, 0.79, 0.1332, 0.72,0.1667
model-1615048635, 1615048650.066, 0.8, 0.1667, 0.78,0.1443
model-1615048635, 1615048650.121, 0.82, 0.1462, 0.75,0.1632
model-1615048635, 1615048650.169, 0.71, 0.1879, 0.72,0.2074
model-1615048635, 1615048650.217, 0.76, 0.1673, 0.77,0.1631
model-1615048635, 1615048650.264, 0.79, 0.15, 0.72,0.1888
model-1615048635, 1615048650.314, 0.82, 0.1334, 0.73,0.1762
model-1615048635, 1615048650.36, 0.74, 0.1829, 0.72,0.1999
model-1615048635, 1615048650.408, 0.77, 0.1694, 0.77,0.1559
model-1615048635, 1615048650.465, 0.82, 0.1442, 0.8,0.153
model-1615048635, 1615048650.513, 0.76, 0.1682, 0.67,0.195
model-1615048635, 1615048650.563, 0.81, 0.1259, 0.78,0.1419
model-1615048635, 1615048650.61, 0.76, 0.1592, 0.75,0.176
model-1615048635, 1615048650.669, 0.78, 0.1587, 0.72,0.1792
model-1615048635, 1615048650.717, 0.88, 0.115, 0.67,0.1968
model-1615048635, 1615048650.769, 0.76, 0.1579, 0.79,0.1574
model-1615048635, 1615048650.816, 0.84, 0.1251, 0.73,0.171
model-1615048635, 1615048650.864, 0.75, 0.1536, 0.75,0.1703
model-1615048635, 1615048650.915, 0.76, 0.1493, 0.8,0.166
model-1615048635, 1615048650.963, 0.79, 0.1449, 0.76,0.1641
model-1615048635, 1615048651.012, 0.73, 0.1835, 0.76,0.1647
model-1615048635, 1615048651.067, 0.79, 0.1393, 0.74,0.1732
model-1615048635, 1615048651.12, 0.83, 0.1373, 0.72,0.1712
model-1615048635, 1615048651.17, 0.91, 0.0954, 0.75,0.1695
model-1615048635, 1615048651.221, 0.8, 0.1332, 0.83,0.1401
model-1615048635, 1615048651.269, 0.78, 0.1438, 0.84,0.1239
model-1615048635, 1615048651.323, 0.78, 0.1887, 0.71,0.1816
model-1615048635, 1615048651.371, 0.84, 0.1219, 0.79,0.1413
model-1615048635, 1615048651.422, 0.77, 0.175, 0.78,0.1384
model-1615048635, 1615048651.469, 0.77, 0.1681, 0.74,0.1762
model-1615048635, 1615048651.517, 0.74, 0.1511, 0.72,0.2166
model-1615048635, 1615048651.567, 0.83, 0.1212, 0.79,0.1631
model-1615048635, 1615048651.615, 0.78, 0.1461, 0.7,0.1828
model-1615048635, 1615048651.67, 0.69, 0.2114, 0.78,0.167
model-1615048635, 1615048651.721, 0.78, 0.1479, 0.66,0.2165
model-1615048635, 1615048651.771, 0.79, 0.1534, 0.74,0.1727
model-1615048635, 1615048651.818, 0.81, 0.1476, 0.8,0.1503
model-1615048635, 1615048651.867, 0.81, 0.1343, 0.74,0.1526
model-1615048635, 1615048651.913, 0.78, 0.1462, 0.78,0.1564
model-1615048635, 1615048651.96, 0.77, 0.1443, 0.78,0.1547
model-1615048635, 1615048652.014, 0.77, 0.1738, 0.75,0.1614
model-1615048635, 1615048652.062, 0.8, 0.1368, 0.8,0.1425
model-1615048635, 1615048652.113, 0.81, 0.1407, 0.76,0.1736
model-1615048635, 1615048652.16, 0.78, 0.1533, 0.75,0.1714
model-1615048635, 1615048652.211, 0.8, 0.1452, 0.73,0.1714
model-1615048635, 1615048652.258, 0.81, 0.1443, 0.66,0.2113
model-1615048635, 1615048652.308, 0.74, 0.1839, 0.69,0.2102
model-1615048635, 1615048652.355, 0.86, 0.1212, 0.69,0.1843
model-1615048635, 1615048652.407, 0.67, 0.2073, 0.74,0.1631
model-1615048635, 1615048652.459, 0.82, 0.1499, 0.76,0.1774
model-1615048635, 1615048652.506, 0.71, 0.16, 0.77,0.1579
model-1615048635, 1615048652.556, 0.9, 0.1121, 0.78,0.1485
model-1615048635, 1615048652.603, 0.83, 0.1398, 0.69,0.2213
model-1615048635, 1615048652.652, 0.8, 0.1509, 0.78,0.1598
model-1615048635, 1615048652.71, 0.81, 0.1387, 0.78,0.1645
model-1615048635, 1615048652.757, 0.73, 0.1564, 0.71,0.1953
model-1615048635, 1615048652.808, 0.75, 0.1546, 0.76,0.1799
model-1615048635, 1615048652.856, 0.74, 0.1774, 0.73,0.1903
model-1615048635, 1615048652.905, 0.78, 0.1379, 0.87,0.1065
model-1615048635, 1615048652.952, 0.81, 0.1187, 0.81,0.1334
model-1615048635, 1615048653.008, 0.81, 0.1367, 0.85,0.1155
model-1615048635, 1615048653.058, 0.78, 0.1468, 0.69,0.2092
model-1615048635, 1615048653.109, 0.67, 0.18, 0.79,0.1511
model-1615048635, 1615048653.161, 0.79, 0.1358, 0.75,0.1753
model-1615048635, 1615048653.209, 0.77, 0.1606, 0.79,0.1625
model-1615048635, 1615048653.266, 0.72, 0.1805, 0.79,0.152
model-1615048635, 1615048653.314, 0.82, 0.1437, 0.78,0.1542
model-1615048635, 1615048653.366, 0.74, 0.1863, 0.76,0.1622
model-1615048635, 1615048653.417, 0.83, 0.1202, 0.74,0.1697
model-1615048635, 1615048653.469, 0.84, 0.1153, 0.71,0.2058
model-1615048635, 1615048653.515, 0.83, 0.1366, 0.73,0.1828
model-1615048635, 1615048653.564, 0.85, 0.1165, 0.8,0.1437
model-1615048635, 1615048653.611, 0.78, 0.1586, 0.8,0.1494
model-1615048635, 1615048653.659, 0.78, 0.1576, 0.77,0.1616
model-1615048635, 1615048653.711, 0.68, 0.2141, 0.79,0.1611
model-1615048635, 1615048653.758, 0.8, 0.1351, 0.8,0.1464
model-1615048635, 1615048653.812, 0.79, 0.1439, 0.76,0.1815
model-1615048635, 1615048653.86, 0.83, 0.1162, 0.74,0.1871
model-1615048635, 1615048653.911, 0.72, 0.192, 0.76,0.1588
model-1615048635, 1615048653.957, 0.77, 0.1499, 0.78,0.1509
model-1615048635, 1615048654.007, 0.86, 0.1109, 0.78,0.1232
model-1615048635, 1615048654.053, 0.83, 0.1187, 0.77,0.1619
model-1615048635, 1615048654.099, 0.76, 0.1686, 0.71,0.178
model-1615048635, 1615048654.153, 0.77, 0.156, 0.84,0.1361
model-1615048635, 1615048654.203, 0.85, 0.1376, 0.7,0.2044
model-1615048635, 1615048654.254, 0.77, 0.1471, 0.77,0.1729
model-1615048635, 1615048654.301, 0.87, 0.1121, 0.72,0.201
model-1615048635, 1615048654.351, 0.79, 0.1338, 0.75,0.1882
model-1615048635, 1615048654.401, 0.79, 0.1421, 0.77,0.1412
model-1615048635, 1615048654.455, 0.89, 0.1136, 0.83,0.1295
model-1615048635, 1615048654.504, 0.78, 0.1503, 0.74,0.1568
model-1615048635, 1615048654.551, 0.8, 0.1241, 0.8,0.1391
model-1615048635, 1615048654.598, 0.8, 0.1371, 0.77,0.1344
model-1615048635, 1615048654.648, 0.82, 0.1222, 0.83,0.1433
model-1615048635, 1615048654.695, 0.76, 0.1559, 0.73,0.1717
model-1615048635, 1615048654.757, 0.74, 0.1703, 0.87,0.1165
model-1615048635, 1615048654.808, 0.79, 0.1362, 0.76,0.1496
model-1615048635, 1615048654.862, 0.81, 0.1373, 0.77,0.1535
model-1615048635, 1615048654.911, 0.87, 0.1009, 0.69,0.1767
model-1615048635, 1615048654.961, 0.84, 0.1178, 0.76,0.1438
model-1615048635, 1615048655.009, 0.85, 0.1269, 0.74,0.1916
model-1615048635, 1615048655.06, 0.8, 0.1655, 0.78,0.1516
model-1615048635, 1615048655.11, 0.85, 0.1191, 0.81,0.145
model-1615048635, 1615048655.16, 0.79, 0.1611, 0.82,0.1222
model-1615048635, 1615048655.21, 0.78, 0.163, 0.71,0.1989
model-1615048635, 1615048655.262, 0.8, 0.1463, 0.75,0.1913
model-1615048635, 1615048655.309, 0.86, 0.1069, 0.8,0.1484
model-1615048635, 1615048655.356, 0.81, 0.1291, 0.7,0.2043
model-1615048635, 1615048655.409, 0.69, 0.2003, 0.76,0.1521
model-1615048635, 1615048655.457, 0.84, 0.1262, 0.76,0.1478
model-1615048635, 1615048655.507, 0.81, 0.1373, 0.7,0.1909
model-1615048635, 1615048655.555, 0.82, 0.1268, 0.72,0.2004
model-1615048635, 1615048655.604, 0.85, 0.114, 0.71,0.185
model-1615048635, 1615048655.651, 0.8, 0.1207, 0.73,0.1842
model-1615048635, 1615048655.704, 0.82, 0.1321, 0.76,0.141
model-1615048635, 1615048655.758, 0.82, 0.1483, 0.7,0.1925
model-1615048635, 1615048655.804, 0.84, 0.1346, 0.72,0.1859
model-1615048635, 1615048655.856, 0.81, 0.1291, 0.74,0.1806
model-1615048635, 1615048655.903, 0.82, 0.1304, 0.8,0.167
model-1615048635, 1615048655.953, 0.82, 0.1317, 0.77,0.1462
model-1615048635, 1615048656.0, 0.83, 0.1208, 0.82,0.145
model-1615048635, 1615048656.055, 0.78, 0.1592, 0.77,0.1686
model-1615048635, 1615048656.102, 0.85, 0.1035, 0.75,0.1749
model-1615048635, 1615048656.15, 0.75, 0.1745, 0.78,0.162
model-1615048635, 1615048656.2, 0.76, 0.1528, 0.76,0.1555
model-1615048635, 1615048656.248, 0.84, 0.1211, 0.75,0.1605
model-1615048635, 1615048656.3, 0.92, 0.0971, 0.78,0.1541
model-1615048635, 1615048656.348, 0.81, 0.1409, 0.82,0.1194
model-1615048635, 1615048656.397, 0.79, 0.1511, 0.8,0.1464
model-1615048635, 1615048656.444, 0.83, 0.1274, 0.69,0.209
model-1615048635, 1615048656.489, 0.76, 0.1494, 0.75,0.1829
model-1615048635, 1615048656.538, 0.78, 0.1593, 0.81,0.1226
model-1615048635, 1615048656.583, 0.74, 0.1747, 0.76,0.1683
model-1615048635, 1615048656.635, 0.8, 0.133, 0.84,0.1212
model-1615048635, 1615048656.68, 0.8, 0.1242, 0.83,0.1232
model-1615048635, 1615048656.727, 0.85, 0.1195, 0.74,0.1783
model-1615048635, 1615048656.78, 0.79, 0.1411, 0.78,0.1536
model-1615048635, 1615048656.826, 0.76, 0.1625, 0.71,0.1799
model-1615048635, 1615048656.875, 0.8, 0.1244, 0.73,0.1614
model-1615048635, 1615048656.925, 0.82, 0.1481, 0.77,0.175
model-1615048635, 1615048656.974, 0.77, 0.1793, 0.7,0.1964
model-1615048635, 1615048657.02, 0.82, 0.1408, 0.76,0.1501
model-1615048635, 1615048657.068, 0.74, 0.1808, 0.84,0.1161
model-1615048635, 1615048657.113, 0.83, 0.1164, 0.84,0.1344
model-1615048635, 1615048657.162, 0.83, 0.1074, 0.76,0.1639
model-1615048635, 1615048657.219, 0.83, 0.1233, 0.78,0.1369
model-1615048635, 1615048657.27, 0.91, 0.0957, 0.78,0.1336
model-1615048635, 1615048657.323, 0.82, 0.1369, 0.79,0.1477
model-1615048635, 1615048657.369, 0.85, 0.1371, 0.8,0.1356
model-1615048635, 1615048657.418, 0.75, 0.1932, 0.85,0.1108
model-1615048635, 1615048657.467, 0.86, 0.1008, 0.8,0.1394
model-1615048635, 1615048657.515, 0.81, 0.1319, 0.81,0.1435
model-1615048635, 1615048657.566, 0.91, 0.0897, 0.72,0.2025
model-1615048635, 1615048657.614, 0.76, 0.1702, 0.86,0.1115
model-1615048635, 1615048657.664, 0.85, 0.1183, 0.74,0.1731
model-1615048635, 1615048657.711, 0.88, 0.098, 0.71,0.2024
model-1615048635, 1615048657.766, 0.87, 0.0984, 0.79,0.1515
model-1615048635, 1615048657.819, 0.81, 0.1464, 0.68,0.2218
model-1615048635, 1615048657.866, 0.83, 0.1438, 0.73,0.2111
model-1615048635, 1615048657.916, 0.83, 0.1268, 0.77,0.1627
model-1615048635, 1615048657.963, 0.8, 0.146, 0.84,0.1158
model-1615048635, 1615048658.012, 0.87, 0.097, 0.76,0.1597
model-1615048635, 1615048658.062, 0.76, 0.1533, 0.82,0.1308
model-1615048635, 1615048658.115, 0.78, 0.1428, 0.68,0.1824
model-1615048635, 1615048658.164, 0.88, 0.0996, 0.77,0.1622
model-1615048635, 1615048658.212, 0.76, 0.1505, 0.74,0.1757
model-1615048635, 1615048658.275, 0.85, 0.1227, 0.79,0.1479
model-1615048635, 1615048658.322, 0.83, 0.124, 0.8,0.1397
model-1615048635, 1615048658.378, 0.81, 0.1264, 0.7,0.1691
model-1615048635, 1615048658.426, 0.8, 0.1387, 0.8,0.1476
model-1615048635, 1615048658.476, 0.8, 0.1422, 0.79,0.1426
model-1615048635, 1615048658.524, 0.81, 0.1316, 0.76,0.1758
model-1615048635, 1615048658.573, 0.79, 0.1326, 0.78,0.1526
model-1615048635, 1615048658.62, 0.84, 0.105, 0.76,0.1729
model-1615048635, 1615048658.675, 0.83, 0.1256, 0.73,0.1811
model-1615048635, 1615048658.725, 0.83, 0.1273, 0.79,0.1468
model-1615048635, 1615048658.78, 0.84, 0.1375, 0.79,0.1469
model-1615048635, 1615048658.833, 0.84, 0.103, 0.81,0.1318
model-1615048635, 1615048658.883, 0.82, 0.145, 0.77,0.1593
model-1615048635, 1615048658.93, 0.81, 0.1376, 0.79,0.1486
model-1615048635, 1615048658.984, 0.83, 0.1258, 0.81,0.1521
model-1615048635, 1615048659.032, 0.87, 0.0984, 0.82,0.1615
model-1615048635, 1615048659.079, 0.82, 0.1187, 0.76,0.1637
model-1615048635, 1615048659.129, 0.73, 0.191, 0.74,0.1946
model-1615048635, 1615048659.177, 0.86, 0.1139, 0.7,0.1764
model-1615048635, 1615048659.227, 0.79, 0.1244, 0.7,0.1818
model-1615048635, 1615048659.282, 0.84, 0.1157, 0.79,0.1491
model-1615048635, 1615048659.332, 0.85, 0.1056, 0.76,0.1678
model-1615048635, 1615048659.378, 0.85, 0.1048, 0.66,0.2061
model-1615048635, 1615048659.431, 0.82, 0.1294, 0.76,0.1702
model-1615048635, 1615048659.478, 0.81, 0.1485, 0.8,0.1622
model-1615048635, 1615048659.525, 0.83, 0.1276, 0.77,0.1505
model-1615048635, 1615048659.58, 0.83, 0.1176, 0.81,0.1239
model-1615048635, 1615048659.627, 0.84, 0.1166, 0.8,0.144
model-1615048635, 1615048659.678, 0.85, 0.1127, 0.72,0.1893
model-1615048635, 1615048659.726, 0.87, 0.1165, 0.73,0.1749
model-1615048635, 1615048659.775, 0.8, 0.1519, 0.72,0.2006
model-1615048635, 1615048659.828, 0.86, 0.0899, 0.81,0.1409
model-1615048635, 1615048659.881, 0.75, 0.1509, 0.75,0.1829
model-1615048635, 1615048659.929, 0.8, 0.1409, 0.67,0.2196
model-1615048635, 1615048659.976, 0.86, 0.1097, 0.8,0.1412
model-1615048635, 1615048660.027, 0.92, 0.0818, 0.8,0.1346
model-1615048635, 1615048660.074, 0.84, 0.1228, 0.81,0.1427
model-1615048635, 1615048660.124, 0.81, 0.1437, 0.82,0.1232
model-1615048635, 1615048660.171, 0.83, 0.1188, 0.69,0.1997
model-1615048635, 1615048660.221, 0.8, 0.1425, 0.75,0.1625
model-1615048635, 1615048660.268, 0.75, 0.1609, 0.82,0.1488
model-1615048635, 1615048660.315, 0.78, 0.1568, 0.8,0.1571
model-1615048635, 1615048660.376, 0.82, 0.1362, 0.81,0.1322
model-1615048635, 1615048660.431, 0.84, 0.1103, 0.76,0.1771
model-1615048635, 1615048660.484, 0.84, 0.1101, 0.82,0.1409
model-1615048635, 1615048660.535, 0.79, 0.1326, 0.77,0.1735
model-1615048635, 1615048660.587, 0.76, 0.1647, 0.75,0.1563
model-1615048635, 1615048660.633, 0.86, 0.1177, 0.79,0.1454
model-1615048635, 1615048660.684, 0.81, 0.1476, 0.7,0.1804
model-1615048635, 1615048660.732, 0.79, 0.1533, 0.82,0.1328
model-1615048635, 1615048660.778, 0.82, 0.1475, 0.78,0.1339
model-1615048635, 1615048660.836, 0.77, 0.1604, 0.81,0.137
model-1615048635, 1615048660.883, 0.84, 0.1057, 0.83,0.1321
model-1615048635, 1615048660.935, 0.86, 0.0973, 0.85,0.1245
model-1615048635, 1615048660.986, 0.85, 0.1088, 0.77,0.1619
model-1615048635, 1615048661.037, 0.9, 0.085, 0.72,0.1912
model-1615048635, 1615048661.084, 0.82, 0.1224, 0.8,0.1377
model-1615048635, 1615048661.133, 0.87, 0.1258, 0.83,0.148
model-1615048635, 1615048661.181, 0.78, 0.1879, 0.77,0.1682
model-1615048635, 1615048661.231, 0.86, 0.0998, 0.81,0.1439
model-1615048635, 1615048661.279, 0.84, 0.1017, 0.77,0.1555
model-1615048635, 1615048661.329, 0.92, 0.084, 0.78,0.1602
model-1615048635, 1615048661.38, 0.78, 0.1483, 0.7,0.1886
model-1615048635, 1615048661.427, 0.91, 0.0899, 0.8,0.1484
model-1615048635, 1615048661.477, 0.89, 0.086, 0.75,0.1734
model-1615048635, 1615048661.524, 0.93, 0.0818, 0.76,0.1498
model-1615048635, 1615048661.575, 0.79, 0.1438, 0.61,0.2762
model-1615048635, 1615048661.626, 0.82, 0.1435, 0.73,0.1921
model-1615048635, 1615048661.674, 0.84, 0.1197, 0.79,0.1463
model-1615048635, 1615048661.726, 0.82, 0.136, 0.76,0.1606
model-1615048635, 1615048661.772, 0.84, 0.1039, 0.74,0.1713
model-1615048635, 1615048661.823, 0.76, 0.1742, 0.83,0.1395
model-1615048635, 1615048661.878, 0.8, 0.1318, 0.8,0.1334
model-1615048635, 1615048661.928, 0.9, 0.0828, 0.79,0.1531
model-1615048635, 1615048661.977, 0.79, 0.1553, 0.73,0.1862
model-1615048635, 1615048662.038, 0.91, 0.0891, 0.79,0.1526
model-1615048635, 1615048662.085, 0.88, 0.1009, 0.81,0.1539
model-1615048635, 1615048662.136, 0.85, 0.1156, 0.78,0.1553
model-1615048635, 1615048662.183, 0.83, 0.1164, 0.83,0.1301
model-1615048635, 1615048662.239, 0.82, 0.119, 0.81,0.1344
model-1615048635, 1615048662.289, 0.78, 0.1246, 0.78,0.1668
model-1615048635, 1615048662.343, 0.82, 0.1157, 0.78,0.1401
model-1615048635, 1615048662.389, 0.81, 0.122, 0.72,0.2196
model-1615048635, 1615048662.44, 0.85, 0.1106, 0.75,0.1721
model-1615048635, 1615048662.488, 0.89, 0.113, 0.84,0.1387
model-1615048635, 1615048662.535, 0.85, 0.1221, 0.76,0.1593
model-1615048635, 1615048662.585, 0.86, 0.0969, 0.76,0.171
model-1615048635, 1615048662.634, 0.85, 0.1322, 0.86,0.1308
model-1615048635, 1615048662.684, 0.83, 0.1255, 0.76,0.167
model-1615048635, 1615048662.731, 0.84, 0.1227, 0.81,0.1468
model-1615048635, 1615048662.783, 0.92, 0.0778, 0.76,0.1705
model-1615048635, 1615048662.833, 0.84, 0.1106, 0.86,0.1107
model-1615048635, 1615048662.896, 0.74, 0.1903, 0.74,0.1687
model-1615048635, 1615048662.944, 0.88, 0.0957, 0.76,0.1787
model-1615048635, 1615048662.995, 0.88, 0.1079, 0.78,0.1456
model-1615048635, 1615048663.043, 0.85, 0.1065, 0.83,0.1087
model-1615048635, 1615048663.091, 0.87, 0.1025, 0.78,0.1521
model-1615048635, 1615048663.142, 0.88, 0.0849, 0.78,0.1573
model-1615048635, 1615048663.194, 0.84, 0.1142, 0.74,0.1866
model-1615048635, 1615048663.248, 0.84, 0.1331, 0.85,0.1134
model-1615048635, 1615048663.296, 0.84, 0.1237, 0.72,0.1827
model-1615048635, 1615048663.347, 0.88, 0.0946, 0.69,0.2346
model-1615048635, 1615048663.394, 0.8, 0.1187, 0.72,0.1906
model-1615048635, 1615048663.446, 0.84, 0.1198, 0.74,0.1771
model-1615048635, 1615048663.494, 0.82, 0.1251, 0.74,0.1781
model-1615048635, 1615048663.543, 0.79, 0.162, 0.72,0.1905
model-1615048635, 1615048663.591, 0.88, 0.0931, 0.81,0.1334
model-1615048635, 1615048663.64, 0.81, 0.138, 0.76,0.1669
model-1615048635, 1615048663.687, 0.83, 0.123, 0.64,0.2322
model-1615048635, 1615048663.734, 0.85, 0.1138, 0.82,0.1292
model-1615048635, 1615048663.785, 0.93, 0.0744, 0.72,0.1899
model-1615048635, 1615048663.832, 0.84, 0.1221, 0.8,0.1457
model-1615048635, 1615048663.887, 0.81, 0.1508, 0.74,0.1913
model-1615048635, 1615048663.933, 0.84, 0.1072, 0.78,0.1529
model-1615048635, 1615048663.984, 0.79, 0.1433, 0.78,0.1458
model-1615048635, 1615048664.034, 0.8, 0.1422, 0.76,0.175
model-1615048635, 1615048664.082, 0.78, 0.1447, 0.72,0.1848
model-1615048635, 1615048664.132, 0.75, 0.156, 0.66,0.24
model-1615048635, 1615048664.181, 0.87, 0.09, 0.73,0.1856
model-1615048635, 1615048664.231, 0.85, 0.1035, 0.73,0.1922
model-1615048635, 1615048664.278, 0.84, 0.1036, 0.81,0.1352
model-1615048635, 1615048664.328, 0.74, 0.1709, 0.8,0.1371
model-1615048635, 1615048664.375, 0.85, 0.0926, 0.72,0.1829
model-1615048635, 1615048664.424, 0.77, 0.151, 0.76,0.1331
model-1615048635, 1615048664.479, 0.78, 0.1533, 0.74,0.1765
model-1615048635, 1615048664.526, 0.86, 0.1191, 0.72,0.2065
model-1615048635, 1615048664.581, 0.76, 0.1554, 0.77,0.1518
model-1615048635, 1615048664.634, 0.87, 0.0932, 0.77,0.17
model-1615048635, 1615048664.687, 0.85, 0.0998, 0.79,0.137
model-1615048635, 1615048664.734, 0.85, 0.1105, 0.83,0.1442
model-1615048635, 1615048664.781, 0.92, 0.074, 0.7,0.2068
model-1615048635, 1615048664.833, 0.91, 0.0856, 0.76,0.1763
model-1615048635, 1615048664.886, 0.82, 0.1206, 0.76,0.1816
model-1615048635, 1615048664.937, 0.77, 0.1808, 0.75,0.1741
model-1615048635, 1615048664.984, 0.88, 0.0841, 0.73,0.1736
model-1615048635, 1615048665.033, 0.91, 0.0719, 0.66,0.2542
model-1615048635, 1615048665.08, 0.88, 0.0892, 0.73,0.1841
model-1615048635, 1615048665.13, 0.83, 0.1266, 0.85,0.1329
model-1615048635, 1615048665.177, 0.9, 0.0932, 0.81,0.1331
model-1615048635, 1615048665.228, 0.89, 0.0925, 0.78,0.1414
model-1615048635, 1615048665.281, 0.89, 0.0857, 0.84,0.1256
model-1615048635, 1615048665.329, 0.82, 0.1362, 0.82,0.1383
model-1615048635, 1615048665.381, 0.8, 0.1588, 0.79,0.1661
model-1615048635, 1615048665.429, 0.91, 0.085, 0.74,0.1796
model-1615048635, 1615048665.48, 0.79, 0.1519, 0.76,0.1897
model-1615048635, 1615048665.528, 0.89, 0.0901, 0.64,0.2311
model-1615048635, 1615048665.578, 0.77, 0.1469, 0.78,0.1655
model-1615048635, 1615048665.628, 0.84, 0.131, 0.73,0.1684
model-1615048635, 1615048665.676, 0.92, 0.0894, 0.65,0.2469
model-1615048635, 1615048665.723, 0.79, 0.1302, 0.84,0.1177
model-1615048635, 1615048665.777, 0.92, 0.0731, 0.78,0.1464
model-1615048635, 1615048665.825, 0.9, 0.0942, 0.75,0.1798
model-1615048635, 1615048665.875, 0.8, 0.1215, 0.83,0.1225
model-1615048635, 1615048665.929, 0.83, 0.109, 0.78,0.1653
model-1615048635, 1615048665.981, 0.85, 0.1066, 0.83,0.133
model-1615048635, 1615048666.027, 0.79, 0.1239, 0.76,0.1485
model-1615048635, 1615048666.081, 0.82, 0.1141, 0.73,0.1934
model-1615048635, 1615048666.13, 0.87, 0.0965, 0.84,0.1323
model-1615048635, 1615048666.18, 0.91, 0.0905, 0.74,0.1733
model-1615048635, 1615048666.228, 0.85, 0.1056, 0.75,0.1737
model-1615048635, 1615048666.277, 0.86, 0.1197, 0.79,0.1336
model-1615048635, 1615048666.325, 0.89, 0.0873, 0.79,0.1567
model-1615048635, 1615048666.372, 0.83, 0.1312, 0.73,0.1895
model-1615048635, 1615048666.426, 0.83, 0.1285, 0.77,0.1647
model-1615048635, 1615048666.474, 0.89, 0.1025, 0.72,0.1937
model-1615048635, 1615048666.525, 0.86, 0.0863, 0.79,0.1567
model-1615048635, 1615048666.572, 0.88, 0.1015, 0.72,0.2002
model-1615048635, 1615048666.622, 0.74, 0.1869, 0.77,0.1607
model-1615048635, 1615048666.673, 0.89, 0.087, 0.75,0.1758
model-1615048635, 1615048666.723, 0.88, 0.0984, 0.77,0.1555
model-1615048635, 1615048666.774, 0.85, 0.1138, 0.77,0.1679
model-1615048635, 1615048666.831, 0.88, 0.0986, 0.71,0.2137
model-1615048635, 1615048666.879, 0.87, 0.0872, 0.77,0.1631
model-1615048635, 1615048666.935, 0.91, 0.0798, 0.74,0.1936
model-1615048635, 1615048666.986, 0.84, 0.1223, 0.74,0.2018
model-1615048635, 1615048667.037, 0.85, 0.1099, 0.71,0.1941
model-1615048635, 1615048667.084, 0.89, 0.091, 0.8,0.1527
model-1615048635, 1615048667.131, 0.84, 0.1163, 0.73,0.1735
model-1615048635, 1615048667.182, 0.83, 0.1218, 0.75,0.1884
model-1615048635, 1615048667.231, 0.85, 0.1272, 0.72,0.197
model-1615048635, 1615048667.289, 0.79, 0.1515, 0.77,0.1756
model-1615048635, 1615048667.339, 0.9, 0.0882, 0.71,0.1814
model-1615048635, 1615048667.39, 0.81, 0.1343, 0.76,0.1585
model-1615048635, 1615048667.437, 0.85, 0.1137, 0.73,0.1694
model-1615048635, 1615048667.487, 0.88, 0.1005, 0.76,0.1617
model-1615048635, 1615048667.537, 0.91, 0.0828, 0.72,0.1922
model-1615048635, 1615048667.588, 0.85, 0.1163, 0.79,0.1495
model-1615048635, 1615048667.635, 0.83, 0.1175, 0.75,0.1699
model-1615048635, 1615048667.683, 0.87, 0.0918, 0.7,0.196
model-1615048635, 1615048667.734, 0.77, 0.1528, 0.71,0.1798
model-1615048635, 1615048667.781, 0.81, 0.1303, 0.7,0.1949
model-1615048635, 1615048667.831, 0.81, 0.136, 0.77,0.1666
model-1615048635, 1615048667.878, 0.84, 0.1263, 0.78,0.1358
model-1615048635, 1615048667.933, 0.9, 0.0822, 0.8,0.1456
model-1615048635, 1615048667.981, 0.88, 0.0896, 0.67,0.2107
model-1615048635, 1615048668.028, 0.87, 0.0988, 0.75,0.1522
model-1615048635, 1615048668.079, 0.87, 0.121, 0.78,0.1435
model-1615048635, 1615048668.131, 0.88, 0.0845, 0.78,0.1744
model-1615048635, 1615048668.183, 0.78, 0.1406, 0.76,0.1684
model-1615048635, 1615048668.232, 0.79, 0.1294, 0.77,0.141
model-1615048635, 1615048668.283, 0.82, 0.1272, 0.8,0.1438
model-1615048635, 1615048668.336, 0.83, 0.1371, 0.85,0.1199
model-1615048635, 1615048668.388, 0.9, 0.0812, 0.79,0.1624
model-1615048635, 1615048668.436, 0.86, 0.0938, 0.79,0.1586
model-1615048635, 1615048668.489, 0.88, 0.0854, 0.79,0.1547
model-1615048635, 1615048668.536, 0.92, 0.0689, 0.67,0.2295
model-1615048635, 1615048668.603, 0.86, 0.1069, 0.75,0.1792
model-1615048635, 1615048668.655, 0.86, 0.0993, 0.82,0.1547
model-1615048635, 1615048668.708, 0.79, 0.1877, 0.82,0.1315
model-1615048635, 1615048668.756, 0.89, 0.0814, 0.78,0.1664
model-1615048635, 1615048668.816, 0.91, 0.0761, 0.83,0.1422
model-1615048635, 1615048668.863, 0.9, 0.09, 0.83,0.1367
model-1615048635, 1615048668.909, 0.86, 0.1076, 0.77,0.1573
model-1615048635, 1615048668.966, 0.88, 0.0853, 0.74,0.173
model-1615048635, 1615048669.013, 0.92, 0.0676, 0.71,0.214
model-1615048635, 1615048669.068, 0.92, 0.0731, 0.8,0.1356
model-1615048635, 1615048669.115, 0.76, 0.1395, 0.7,0.2221
model-1615048635, 1615048669.166, 0.86, 0.1202, 0.68,0.2222
model-1615048635, 1615048669.212, 0.83, 0.1117, 0.78,0.1479
model-1615048635, 1615048669.263, 0.79, 0.1591, 0.75,0.1957
model-1615048635, 1615048669.31, 0.89, 0.0811, 0.76,0.1492
model-1615048635, 1615048669.364, 0.86, 0.1225, 0.74,0.1892
model-1615048635, 1615048669.414, 0.84, 0.1116, 0.77,0.1571
model-1615048635, 1615048669.462, 0.88, 0.0951, 0.79,0.1568
model-1615048635, 1615048669.51, 0.84, 0.1052, 0.81,0.1583
model-1615048635, 1615048669.56, 0.92, 0.0753, 0.8,0.154
model-1615048635, 1615048669.608, 0.89, 0.0781, 0.77,0.164
model-1615048635, 1615048669.662, 0.9, 0.0828, 0.77,0.1631
model-1615048635, 1615048669.709, 0.88, 0.097, 0.83,0.1338
model-1615048635, 1615048669.759, 0.91, 0.0789, 0.76,0.1589
model-1615048635, 1615048669.805, 0.82, 0.1104, 0.75,0.1576
model-1615048635, 1615048669.855, 0.83, 0.1056, 0.83,0.1503
model-1615048635, 1615048669.902, 0.9, 0.0822, 0.82,0.1172
model-1615048635, 1615048669.956, 0.86, 0.0984, 0.77,0.1559
model-1615048635, 1615048670.01, 0.87, 0.094, 0.71,0.2312
model-1615048635, 1615048670.057, 0.88, 0.1173, 0.74,0.1573
model-1615048635, 1615048670.108, 0.83, 0.1231, 0.75,0.1765
model-1615048635, 1615048670.156, 0.79, 0.1484, 0.7,0.1937
model-1615048635, 1615048670.21, 0.82, 0.1259, 0.76,0.1798
model-1615048635, 1615048670.258, 0.84, 0.1065, 0.82,0.1622
model-1615048635, 1615048670.308, 0.89, 0.0873, 0.71,0.1746
model-1615048635, 1615048670.356, 0.84, 0.103, 0.73,0.185
model-1615048635, 1615048670.405, 0.74, 0.1872, 0.7,0.2137
model-1615048635, 1615048670.452, 0.88, 0.1014, 0.64,0.2492
model-1615048635, 1615048670.512, 0.9, 0.0914, 0.73,0.1766
model-1615048635, 1615048670.561, 0.87, 0.1074, 0.65,0.2265
model-1615048635, 1615048670.612, 0.91, 0.0867, 0.72,0.186
model-1615048635, 1615048670.658, 0.93, 0.0707, 0.75,0.1738
model-1615048635, 1615048670.705, 0.89, 0.0828, 0.75,0.1638
model-1615048635, 1615048670.76, 0.84, 0.1182, 0.79,0.1535
model-1615048635, 1615048670.808, 0.87, 0.1006, 0.78,0.1638
model-1615048635, 1615048670.858, 0.88, 0.0742, 0.79,0.1592
model-1615048635, 1615048670.905, 0.81, 0.1532, 0.72,0.2006
model-1615048635, 1615048670.953, 0.8, 0.1457, 0.73,0.2202
model-1615048635, 1615048671.007, 0.81, 0.156, 0.78,0.1671
model-1615048635, 1615048671.061, 0.89, 0.1134, 0.69,0.2745
model-1615048635, 1615048671.109, 0.75, 0.1633, 0.72,0.1893
model-1615048635, 1615048671.156, 0.81, 0.1311, 0.64,0.2537
model-1615048635, 1615048671.207, 0.86, 0.1119, 0.81,0.1417
model-1615048635, 1615048671.255, 0.78, 0.1614, 0.69,0.2331
model-1615048635, 1615048671.305, 0.9, 0.0907, 0.73,0.1905
model-1615048635, 1615048671.352, 0.8, 0.1261, 0.72,0.1655
model-1615048635, 1615048671.407, 0.84, 0.1266, 0.78,0.1349
model-1615048635, 1615048671.455, 0.84, 0.1069, 0.78,0.1659
model-1615048635, 1615048671.502, 0.88, 0.1038, 0.79,0.1414
model-1615048635, 1615048671.553, 0.78, 0.1398, 0.77,0.1797
model-1615048635, 1615048671.6, 0.87, 0.1028, 0.79,0.1543
model-1615048635, 1615048671.649, 0.89, 0.0867, 0.83,0.1533
model-1615048635, 1615048671.698, 0.9, 0.0801, 0.75,0.1723
model-1615048635, 1615048671.748, 0.89, 0.0846, 0.81,0.13
model-1615048635, 1615048671.796, 0.87, 0.1058, 0.7,0.2282
model-1615048635, 1615048671.843, 0.87, 0.1087, 0.83,0.1328
model-1615048635, 1615048671.894, 0.88, 0.0874, 0.72,0.201
model-1615048635, 1615048671.944, 0.83, 0.1172, 0.74,0.1914
model-1615048635, 1615048672.0, 0.84, 0.1126, 0.7,0.2009
model-1615048635, 1615048672.047, 0.89, 0.0995, 0.79,0.1271
model-1615048635, 1615048672.097, 0.86, 0.1205, 0.81,0.1393
model-1615048635, 1615048672.145, 0.87, 0.085, 0.77,0.1689
model-1615048635, 1615048672.192, 0.86, 0.0864, 0.81,0.1549
model-1615048635, 1615048672.25, 0.88, 0.0916, 0.8,0.1492
model-1615048635, 1615048672.3, 0.96, 0.0497, 0.8,0.143
model-1615048635, 1615048672.355, 0.85, 0.1048, 0.71,0.2085
model-1615048635, 1615048672.404, 0.82, 0.1324, 0.73,0.1839
model-1615048635, 1615048672.453, 0.83, 0.1513, 0.73,0.2093
model-1615048635, 1615048672.499, 0.93, 0.0747, 0.75,0.1957
model-1615048635, 1615048672.548, 0.87, 0.0893, 0.76,0.1843
model-1615048635, 1615048672.594, 0.89, 0.0811, 0.75,0.1897
model-1615048635, 1615048672.641, 0.85, 0.1117, 0.73,0.2008
model-1615048635, 1615048672.69, 0.92, 0.0686, 0.73,0.2118
model-1615048635, 1615048672.737, 0.88, 0.0787, 0.85,0.1146
model-1615048635, 1615048672.785, 0.89, 0.0738, 0.75,0.184
model-1615048635, 1615048672.831, 0.85, 0.1144, 0.71,0.2193
model-1615048635, 1615048672.879, 0.86, 0.1126, 0.76,0.1706
model-1615048635, 1615048672.925, 0.93, 0.0636, 0.82,0.1469
model-1615048635, 1615048672.974, 0.87, 0.0955, 0.71,0.2153
model-1615048635, 1615048673.029, 0.91, 0.0759, 0.8,0.1568
model-1615048635, 1615048673.075, 0.85, 0.1086, 0.78,0.175
